0 info it worked if it ends with ok
1 verbose cli [ '/usr/local/Cellar/node/6.2.2/bin/node',
1 verbose cli   '/usr/local/bin/npm',
1 verbose cli   'publis',
1 verbose cli   '--access',
1 verbose cli   'public' ]
2 info using npm@3.9.5
3 info using node@v6.2.2
4 verbose publish [ '.' ]
5 verbose stack Error: Failed to parse json
5 verbose stack No value found for key version at 3:14
5 verbose stack   "version": “1.0.2”,
5 verbose stack              ^
5 verbose stack     at parseError (/usr/local/lib/node_modules/npm/node_modules/read-package-json/read-json.js:390:11)
5 verbose stack     at parseJson (/usr/local/lib/node_modules/npm/node_modules/read-package-json/read-json.js:79:23)
5 verbose stack     at /usr/local/lib/node_modules/npm/node_modules/read-package-json/read-json.js:48:5
5 verbose stack     at /usr/local/lib/node_modules/npm/node_modules/graceful-fs/graceful-fs.js:78:16
5 verbose stack     at tryToString (fs.js:449:3)
5 verbose stack     at FSReqWrap.readFileAfterClose [as oncomplete] (fs.js:436:12)
6 verbose cwd /Users/yzw/react-native-image-view
7 error Darwin 16.0.0
8 error argv "/usr/local/Cellar/node/6.2.2/bin/node" "/usr/local/bin/npm" "publis" "--access" "public"
9 error node v6.2.2
10 error npm  v3.9.5
11 error file /Users/yzw/react-native-image-view/package.json
12 error code EJSONPARSE
13 error Failed to parse json
13 error No value found for key version at 3:14
13 error   "version": “1.0.2”,
13 error              ^
14 error File: /Users/yzw/react-native-image-view/package.json
15 error Failed to parse package.json data.
15 error package.json must be actual JSON, not just JavaScript.
15 error
15 error This is not a bug in npm.
15 error Tell the package author to fix their package.json file. JSON.parse
16 verbose exit [ 1, true ]
